-------------------------------------------------------------------------------
Test set: com.munsun.vacation_pay_service.services.providers.CalendarUnitTests
-------------------------------------------------------------------------------
Tests run: 5, Failures: 0, Errors: 5, Skipped: 0, Time elapsed: 0.157 s <<< FAILURE! - in com.munsun.vacation_pay_service.services.providers.CalendarUnitTests
givenNonExistentYearTwoDates_whenGetCountHolidaysBetweenTwoDates_thenThrownIllegalArgumentException  Time elapsed: 0.001 s  <<< ERROR!
java.lang.IllegalStateException: Failed to load ApplicationContext
Caused by: org.springframework.cloud.commons.ConfigDataMissingEnvironmentPostProcessor$ImportException: No spring.config.import set

givenNonExistentYear_whenGetVacation_thenReturnEmpty  Time elapsed: 0 s  <<< ERROR!
java.lang.IllegalStateException: Failed to load ApplicationContext
Caused by: org.springframework.cloud.commons.ConfigDataMissingEnvironmentPostProcessor$ImportException: No spring.config.import set

givenTwoDatesInJanuaryAndFebruary_whenGetCountHolidaysBetweenTwoDates_thenReturnCorrectResult9  Time elapsed: 0 s  <<< ERROR!
java.lang.IllegalStateException: Failed to load ApplicationContext
Caused by: org.springframework.cloud.commons.ConfigDataMissingEnvironmentPostProcessor$ImportException: No spring.config.import set

givenInvalidTwoDates_whenGetCountHolidaysBetweenTwoDates_thenThrownIllegalArgumentException  Time elapsed: 0 s  <<< ERROR!
java.lang.IllegalStateException: Failed to load ApplicationContext
Caused by: org.springframework.cloud.commons.ConfigDataMissingEnvironmentPostProcessor$ImportException: No spring.config.import set

initCalendar  Time elapsed: 0 s  <<< ERROR!
java.lang.IllegalStateException: Failed to load ApplicationContext
Caused by: org.springframework.cloud.commons.ConfigDataMissingEnvironmentPostProcessor$ImportException: No spring.config.import set

