-------------------------------------------------------------------------------
Test set: com.munsun.vacation_pay_service.controllers.VacationControllerUnitTests
-------------------------------------------------------------------------------
Tests run: 13, Failures: 0, Errors: 13, Skipped: 0, Time elapsed: 1.095 s <<< FAILURE! - in com.munsun.vacation_pay_service.controllers.VacationControllerUnitTests
givenInvalidParameters_whenSendRequestCalculateV2_thenReturnBadRequestAndErrorResponseDto{String, String, String}[1]  Time elapsed: 0.001 s  <<< ERROR!
java.lang.IllegalStateException: Failed to load ApplicationContext
Caused by: org.springframework.cloud.commons.ConfigDataMissingEnvironmentPostProcessor$ImportException: No spring.config.import set

givenInvalidParameters_whenSendRequestCalculateV2_thenReturnBadRequestAndErrorResponseDto{String, String, String}[2]  Time elapsed: 0 s  <<< ERROR!
java.lang.IllegalStateException: Failed to load ApplicationContext
Caused by: org.springframework.cloud.commons.ConfigDataMissingEnvironmentPostProcessor$ImportException: No spring.config.import set

givenInvalidParameters_whenSendRequestCalculateV2_thenReturnBadRequestAndErrorResponseDto{String, String, String}[3]  Time elapsed: 0 s  <<< ERROR!
java.lang.IllegalStateException: Failed to load ApplicationContext
Caused by: org.springframework.cloud.commons.ConfigDataMissingEnvironmentPostProcessor$ImportException: No spring.config.import set

givenResultWorkService25DaysAnd22000Salary_whenSendRequestCalculateV1_thenReturnResultCode200  Time elapsed: 0.001 s  <<< ERROR!
java.lang.IllegalStateException: Failed to load ApplicationContext
Caused by: org.springframework.cloud.commons.ConfigDataMissingEnvironmentPostProcessor$ImportException: No spring.config.import set

givenCalendarNotFound_whenSendRequestCalculateV2_thenReturnNotFound  Time elapsed: 0.001 s  <<< ERROR!
java.lang.IllegalStateException: Failed to load ApplicationContext
Caused by: org.springframework.cloud.commons.ConfigDataMissingEnvironmentPostProcessor$ImportException: No spring.config.import set

givenInvalidParameters_whenSendRequestCalculateV1_thenReturnBadRequestAndErrorResponseDto{String, String}[1]  Time elapsed: 0 s  <<< ERROR!
java.lang.IllegalStateException: Failed to load ApplicationContext
Caused by: org.springframework.cloud.commons.ConfigDataMissingEnvironmentPostProcessor$ImportException: No spring.config.import set

givenInvalidParameters_whenSendRequestCalculateV1_thenReturnBadRequestAndErrorResponseDto{String, String}[2]  Time elapsed: 0 s  <<< ERROR!
java.lang.IllegalStateException: Failed to load ApplicationContext
Caused by: org.springframework.cloud.commons.ConfigDataMissingEnvironmentPostProcessor$ImportException: No spring.config.import set

givenInvalidParameters_whenSendRequestCalculateV1_thenReturnBadRequestAndErrorResponseDto{String, String}[3]  Time elapsed: 0 s  <<< ERROR!
java.lang.IllegalStateException: Failed to load ApplicationContext
Caused by: org.springframework.cloud.commons.ConfigDataMissingEnvironmentPostProcessor$ImportException: No spring.config.import set

givenInvalidParameters_whenSendRequestCalculateV1_thenReturnBadRequestAndErrorResponseDto{String, String}[4]  Time elapsed: 0.003 s  <<< ERROR!
java.lang.IllegalStateException: Failed to load ApplicationContext
Caused by: org.springframework.cloud.commons.ConfigDataMissingEnvironmentPostProcessor$ImportException: No spring.config.import set

givenInvalidParameters_whenSendRequestCalculateV1_thenReturnBadRequestAndErrorResponseDto{String, String}[5]  Time elapsed: 0.001 s  <<< ERROR!
java.lang.IllegalStateException: Failed to load ApplicationContext
Caused by: org.springframework.cloud.commons.ConfigDataMissingEnvironmentPostProcessor$ImportException: No spring.config.import set

givenInvalidParameters_whenSendRequestCalculateV1_thenReturnBadRequestAndErrorResponseDto{String, String}[6]  Time elapsed: 0 s  <<< ERROR!
java.lang.IllegalStateException: Failed to load ApplicationContext
Caused by: org.springframework.cloud.commons.ConfigDataMissingEnvironmentPostProcessor$ImportException: No spring.config.import set

givenInvalidParameters_whenSendRequestCalculateV1_thenReturnBadRequestAndErrorResponseDto{String, String}[7]  Time elapsed: 0 s  <<< ERROR!
java.lang.IllegalStateException: Failed to load ApplicationContext
Caused by: org.springframework.cloud.commons.ConfigDataMissingEnvironmentPostProcessor$ImportException: No spring.config.import set

givenServerError_whenSendRequestCalculateV2_thenReturnInternalServerError  Time elapsed: 0 s  <<< ERROR!
java.lang.IllegalStateException: Failed to load ApplicationContext
Caused by: org.springframework.cloud.commons.ConfigDataMissingEnvironmentPostProcessor$ImportException: No spring.config.import set

