-------------------------------------------------------------------------------
Test set: com.munsun.vacation_pay_service.services.VacationServiceUnitTests
-------------------------------------------------------------------------------
Tests run: 2, Failures: 0, Errors: 2, Skipped: 0, Time elapsed: 0.08 s <<< FAILURE! - in com.munsun.vacation_pay_service.services.VacationServiceUnitTests
given25DaysAnd22000Salary_whenCalculatePay_thenShouldCalculatePay  Time elapsed: 0 s  <<< ERROR!
java.lang.IllegalStateException: Failed to load ApplicationContext
Caused by: org.springframework.cloud.commons.ConfigDataMissingEnvironmentPostProcessor$ImportException: No spring.config.import set

givenEndDateBeforeStartDate_whenCalculatePay_thenThrownIllegalArgumentException  Time elapsed: 0 s  <<< ERROR!
java.lang.IllegalStateException: Failed to load ApplicationContext
Caused by: org.springframework.cloud.commons.ConfigDataMissingEnvironmentPostProcessor$ImportException: No spring.config.import set

