-------------------------------------------------------------------------------
Test set: com.munsun.vacation_pay_service.services.providers.CalculatorUnitTests
-------------------------------------------------------------------------------
Tests run: 7, Failures: 0, Errors: 7, Skipped: 0, Time elapsed: 2.559 s <<< FAILURE! - in com.munsun.vacation_pay_service.services.providers.CalculatorUnitTests
given25DaysAnd22000Salary_whenCalculatePay_thenShouldCalculatePay  Time elapsed: 0.018 s  <<< ERROR!
java.lang.IllegalStateException: Failed to load ApplicationContext
Caused by: org.springframework.cloud.commons.ConfigDataMissingEnvironmentPostProcessor$ImportException: No spring.config.import set

givenStartAndEndDates_whenCalculatePay_thenReturnZero  Time elapsed: 0.001 s  <<< ERROR!
java.lang.IllegalStateException: Failed to load ApplicationContext
Caused by: org.springframework.cloud.commons.ConfigDataMissingEnvironmentPostProcessor$ImportException: No spring.config.import set

givenInvalidSalaryAndCountDays_whenCalculatePay_thenThrownIllegalArgumentException{BigDecimal, int}[1]  Time elapsed: 0 s  <<< ERROR!
java.lang.IllegalStateException: Failed to load ApplicationContext
Caused by: org.springframework.cloud.commons.ConfigDataMissingEnvironmentPostProcessor$ImportException: No spring.config.import set

givenInvalidSalaryAndCountDays_whenCalculatePay_thenThrownIllegalArgumentException{BigDecimal, int}[2]  Time elapsed: 0 s  <<< ERROR!
java.lang.IllegalStateException: Failed to load ApplicationContext
Caused by: org.springframework.cloud.commons.ConfigDataMissingEnvironmentPostProcessor$ImportException: No spring.config.import set

givenInvalidSalaryAndCountDays_whenCalculatePay_thenThrownIllegalArgumentException{BigDecimal, int}[3]  Time elapsed: 0 s  <<< ERROR!
java.lang.IllegalStateException: Failed to load ApplicationContext
Caused by: org.springframework.cloud.commons.ConfigDataMissingEnvironmentPostProcessor$ImportException: No spring.config.import set

givenInvalidSalaryAndCountDays_whenCalculatePay_thenThrownIllegalArgumentException{BigDecimal, int}[4]  Time elapsed: 0 s  <<< ERROR!
java.lang.IllegalStateException: Failed to load ApplicationContext
Caused by: org.springframework.cloud.commons.ConfigDataMissingEnvironmentPostProcessor$ImportException: No spring.config.import set

givenInvalidSalaryAndCountDays_whenCalculatePay_thenThrownIllegalArgumentException{BigDecimal, int}[5]  Time elapsed: 0 s  <<< ERROR!
java.lang.IllegalStateException: Failed to load ApplicationContext
Caused by: org.springframework.cloud.commons.ConfigDataMissingEnvironmentPostProcessor$ImportException: No spring.config.import set

